
OrthoFinder version 2.5.2 Copyright (C) 2014 David Emms

2021-02-15 09:50:26 : Starting OrthoFinder 2.5.2
16 thread(s) for highly parallel tasks (BLAST searches etc.)
2 thread(s) for OrthoFinder algorithm

Checking required programs are installed
----------------------------------------
Test can run "mcl -h" - ok

Dividing up work for BLAST for parallel processing
--------------------------------------------------
2021-02-15 09:50:27 : Creating diamond database 1 of 19
2021-02-15 09:50:27 : Creating diamond database 2 of 19
2021-02-15 09:50:27 : Creating diamond database 3 of 19
2021-02-15 09:50:28 : Creating diamond database 4 of 19
2021-02-15 09:50:28 : Creating diamond database 5 of 19
2021-02-15 09:50:28 : Creating diamond database 6 of 19
2021-02-15 09:50:28 : Creating diamond database 7 of 19
2021-02-15 09:50:28 : Creating diamond database 8 of 19
2021-02-15 09:50:28 : Creating diamond database 9 of 19
2021-02-15 09:50:28 : Creating diamond database 10 of 19
2021-02-15 09:50:28 : Creating diamond database 11 of 19
2021-02-15 09:50:29 : Creating diamond database 12 of 19
2021-02-15 09:50:29 : Creating diamond database 13 of 19
2021-02-15 09:50:29 : Creating diamond database 14 of 19
2021-02-15 09:50:29 : Creating diamond database 15 of 19
2021-02-15 09:50:29 : Creating diamond database 16 of 19
2021-02-15 09:50:29 : Creating diamond database 17 of 19
2021-02-15 09:50:29 : Creating diamond database 18 of 19
2021-02-15 09:50:29 : Creating diamond database 19 of 19

Running diamond all-versus-all
------------------------------
Using 16 thread(s)
2021-02-15 09:50:30 : This may take some time....
2021-02-15 10:01:22 : Done 100 of 361
2021-02-15 10:17:57 : Done 300 of 361
2021-02-15 10:09:19 : Done 200 of 361
2021-02-15 09:50:30 : Done 0 of 361
2021-02-15 10:23:06 : Done all-versus-all sequence search

Running OrthoFinder algorithm
-----------------------------
2021-02-15 10:23:07 : Initial processing of each species
2021-02-15 10:23:19 : Initial processing of species 0 complete
2021-02-15 10:23:33 : Initial processing of species 2 complete
2021-02-15 10:23:53 : Initial processing of species 4 complete
2021-02-15 10:24:06 : Initial processing of species 6 complete
2021-02-15 10:24:19 : Initial processing of species 8 complete
2021-02-15 10:24:33 : Initial processing of species 10 complete
2021-02-15 10:24:58 : Initial processing of species 12 complete
2021-02-15 10:25:16 : Initial processing of species 14 complete
2021-02-15 10:25:35 : Initial processing of species 15 complete
2021-02-15 10:25:50 : Initial processing of species 17 complete
2021-02-15 10:23:24 : Initial processing of species 1 complete
2021-02-15 10:23:50 : Initial processing of species 3 complete
2021-02-15 10:24:04 : Initial processing of species 5 complete
2021-02-15 10:24:19 : Initial processing of species 7 complete
2021-02-15 10:24:33 : Initial processing of species 9 complete
2021-02-15 10:24:56 : Initial processing of species 11 complete
2021-02-15 10:25:28 : Initial processing of species 13 complete
2021-02-15 10:25:41 : Initial processing of species 16 complete
2021-02-15 10:25:59 : Initial processing of species 18 complete
2021-02-15 10:26:16 : Connected putative homologues

WARNING: program called by OrthoFinder produced output to stderr

Command: mcl ../results/Results_Feb15/WorkingDirectory/OrthoFinder_graph.txt -I 1.5 -o ../results/Results_Feb15/WorkingDirectory/clusters_OrthoFinder_I1.5.txt -te 2 -V all

stdout
------
b''
stderr
------
b'[mcl] cut <2> instances of overlap\n'
2021-02-15 10:28:37 : Ran MCL

Writing orthogroups to file
---------------------------
OrthoFinder assigned 275919 genes (92.0% of total) to 16395 orthogroups. Fifty percent of all genes were in orthogroups with 27 or more genes (G50 was 27) and were contained in the largest 3460 orthogroups (O50 was 3460). There were 3462 orthogroups with all species present and 64 of these consisted entirely of single-copy genes.

2021-02-15 10:28:43 : Done orthogroups

Analysing Orthogroups
=====================
2021-02-15 10:28:44 : Starting MSA/Trees
2021-02-15 10:28:47 : Done MSA/Trees

2021-02-15 10:28:47 : Done orthologues

Results:
    ../results/Results_Feb15/

CITATION:
 When publishing work that uses OrthoFinder please cite:
 Emms D.M. & Kelly S. (2019), Genome Biology 20:238

 If you use the species tree in your work then please also cite:
 Emms D.M. & Kelly S. (2017), MBE 34(12): 3267-3278
 Emms D.M. & Kelly S. (2018), bioRxiv https://doi.org/10.1101/267914
